2024-12-05 08:58:22 [INFO]: Le serveur écoute sur le port 3000
2024-12-05 08:58:55 [INFO]: Incoming request
{
  "method": "OPTIONS",
  "url": "/v1/groups/"
}
2024-12-05 08:58:55 [INFO]: Response sent
{
  "duration": "7ms",
  "status": 204
}
2024-12-05 08:58:55 [INFO]: Incoming request
{
  "method": "POST",
  "url": "/v1/groups/"
}
2024-12-05 08:58:55 [ERROR]: Ce nom de groupe existe déjà, veuillez en renseigner un autre
{
  "stack": "CustomError: Ce nom de groupe existe déjà, veuillez en renseigner un autre\n    at GroupService.createGroup (/Users/nadiamekou/Desktop/work/mahol/mahol-back/services/group.services.js:61:15)\n    at process.processTicksAndRejections (node:internal/process/task_queues:95:5)\n    at async exports.createGroup (/Users/nadiamekou/Desktop/work/mahol/mahol-back/controllers/groups.controller.js:36:5)",
  "route": "/v1/groups/",
  "method": "POST"
}
2024-12-05 08:58:55 [INFO]: Response sent
{
  "duration": "180ms",
  "status": 409
}
2024-12-05 09:01:50 [INFO]: Le serveur écoute sur le port 3000
2024-12-05 09:03:45 [INFO]: Le serveur écoute sur le port 3000
2024-12-05 09:09:36 [INFO]: Le serveur écoute sur le port 3000
2024-12-05 09:13:42 [INFO]: Incoming request
{
  "method": "GET",
  "url": "/v1/groups/"
}
2024-12-05 09:13:42 [INFO]: Response sent
{
  "url": "/v1/groups/",
  "duration": "157ms",
  "status": 201
}
2024-12-05 09:17:43 [INFO]: Incoming request
{
  "method": "GET",
  "url": "/v1/subscribers?isAccountValidated=false"
}
2024-12-05 09:17:44 [INFO]: Response sent
{
  "url": "/v1/subscribers?isAccountValidated=false",
  "duration": "82ms",
  "status": 304
}
2024-12-05 09:17:46 [INFO]: Incoming request
{
  "method": "GET",
  "url": "/v1/subscribers"
}
2024-12-05 09:17:46 [INFO]: Response sent
{
  "url": "/v1/subscribers",
  "duration": "52ms",
  "status": 200
}
2024-12-05 09:17:47 [INFO]: Incoming request
{
  "method": "GET",
  "url": "/v1/subscribers?isAccountValidated=false"
}
2024-12-05 09:17:47 [INFO]: Response sent
{
  "url": "/v1/subscribers?isAccountValidated=false",
  "duration": "19ms",
  "status": 304
}
2024-12-05 09:18:15 [INFO]: Incoming request
{
  "method": "GET",
  "url": "/v1/subscribers?isAccountValidated=false"
}
2024-12-05 09:18:15 [INFO]: Response sent
{
  "url": "/v1/subscribers?isAccountValidated=false",
  "duration": "168ms",
  "status": 304
}
2024-12-05 09:18:17 [INFO]: Incoming request
{
  "method": "GET",
  "url": "/v1/subscribers"
}
2024-12-05 09:18:17 [INFO]: Response sent
{
  "url": "/v1/subscribers",
  "duration": "8ms",
  "status": 304
}
2024-12-05 09:18:18 [INFO]: Incoming request
{
  "method": "GET",
  "url": "/v1/subscribers?isAccountValidated=false"
}
2024-12-05 09:18:18 [INFO]: Response sent
{
  "url": "/v1/subscribers?isAccountValidated=false",
  "duration": "8ms",
  "status": 304
}
2024-12-05 09:18:29 [INFO]: Incoming request
{
  "method": "GET",
  "url": "/v1/subscribers"
}
2024-12-05 09:18:29 [INFO]: Response sent
{
  "url": "/v1/subscribers",
  "duration": "43ms",
  "status": 304
}
2024-12-05 09:18:30 [INFO]: Incoming request
{
  "method": "GET",
  "url": "/v1/subscribers?isAccountValidated=false"
}
2024-12-05 09:18:30 [INFO]: Response sent
{
  "url": "/v1/subscribers?isAccountValidated=false",
  "duration": "29ms",
  "status": 304
}
2024-12-05 09:18:52 [INFO]: Incoming request
{
  "method": "GET",
  "url": "/v1/subscribers"
}
2024-12-05 09:18:52 [INFO]: Response sent
{
  "url": "/v1/subscribers",
  "duration": "106ms",
  "status": 304
}
2024-12-05 09:18:53 [INFO]: Incoming request
{
  "method": "GET",
  "url": "/v1/subscribers?isAccountValidated=false"
}
2024-12-05 09:18:53 [INFO]: Response sent
{
  "url": "/v1/subscribers?isAccountValidated=false",
  "duration": "17ms",
  "status": 304
}
2024-12-05 09:18:55 [INFO]: Incoming request
{
  "method": "GET",
  "url": "/v1/subscribers"
}
2024-12-05 09:18:55 [INFO]: Response sent
{
  "url": "/v1/subscribers",
  "duration": "27ms",
  "status": 304
}
2024-12-05 09:18:57 [INFO]: Incoming request
{
  "method": "GET",
  "url": "/v1/subscribers?isAccountValidated=false"
}
2024-12-05 09:18:57 [INFO]: Response sent
{
  "url": "/v1/subscribers?isAccountValidated=false",
  "duration": "7ms",
  "status": 304
}
2024-12-05 09:18:59 [INFO]: Incoming request
{
  "method": "GET",
  "url": "/v1/subscribers"
}
2024-12-05 09:18:59 [INFO]: Response sent
{
  "url": "/v1/subscribers",
  "duration": "43ms",
  "status": 304
}
2024-12-05 09:19:00 [INFO]: Incoming request
{
  "method": "GET",
  "url": "/v1/subscribers?isAccountValidated=false"
}
2024-12-05 09:19:00 [INFO]: Response sent
{
  "url": "/v1/subscribers?isAccountValidated=false",
  "duration": "15ms",
  "status": 304
}
2024-12-05 09:19:17 [INFO]: Le serveur écoute sur le port 3000
2024-12-05 09:19:23 [INFO]: Incoming request
{
  "method": "GET",
  "url": "/v1/subscribers"
}
2024-12-05 09:19:23 [INFO]: Response sent
{
  "url": "/v1/subscribers",
  "duration": "133ms",
  "status": 304
}
2024-12-05 09:19:24 [INFO]: Incoming request
{
  "method": "GET",
  "url": "/v1/subscribers?isAccountValidated=false"
}
2024-12-05 09:19:24 [INFO]: Response sent
{
  "url": "/v1/subscribers?isAccountValidated=false",
  "duration": "14ms",
  "status": 304
}
2024-12-05 09:19:26 [INFO]: Incoming request
{
  "method": "GET",
  "url": "/v1/subscribers"
}
2024-12-05 09:19:26 [INFO]: Response sent
{
  "url": "/v1/subscribers",
  "duration": "20ms",
  "status": 304
}
2024-12-05 09:19:27 [INFO]: Incoming request
{
  "method": "GET",
  "url": "/v1/subscribers?isAccountValidated=false"
}
2024-12-05 09:19:27 [INFO]: Response sent
{
  "url": "/v1/subscribers?isAccountValidated=false",
  "duration": "10ms",
  "status": 304
}
2024-12-05 09:19:29 [INFO]: Incoming request
{
  "method": "GET",
  "url": "/v1/subscribers"
}
2024-12-05 09:19:29 [INFO]: Response sent
{
  "url": "/v1/subscribers",
  "duration": "18ms",
  "status": 304
}
2024-12-05 09:19:50 [INFO]: Incoming request
{
  "method": "GET",
  "url": "/v1/subscribers?isAccountValidated=false"
}
2024-12-05 09:19:50 [INFO]: Response sent
{
  "url": "/v1/subscribers?isAccountValidated=false",
  "duration": "41ms",
  "status": 200
}
2024-12-05 09:19:52 [INFO]: Incoming request
{
  "method": "GET",
  "url": "/v1/subscribers"
}
2024-12-05 09:19:52 [INFO]: Response sent
{
  "url": "/v1/subscribers",
  "duration": "10ms",
  "status": 200
}
2024-12-05 09:19:53 [INFO]: Incoming request
{
  "method": "GET",
  "url": "/v1/subscribers?isAccountValidated=false"
}
2024-12-05 09:19:53 [INFO]: Response sent
{
  "url": "/v1/subscribers?isAccountValidated=false",
  "duration": "18ms",
  "status": 304
}
2024-12-05 09:19:59 [INFO]: Incoming request
{
  "method": "OPTIONS",
  "url": "/v1/users/1/validate"
}
2024-12-05 09:19:59 [INFO]: Response sent
{
  "url": "/v1/users/1/validate",
  "duration": "1ms",
  "status": 204
}
2024-12-05 09:19:59 [INFO]: Incoming request
{
  "method": "PATCH",
  "url": "/v1/users/1/validate"
}
2024-12-05 09:19:59 [ERROR]: Attention, vous ne pouvez pas activer le compte de quelqu'un qui n'a pas encore validé son adresse mail !
{
  "stack": "CustomError: Attention, vous ne pouvez pas activer le compte de quelqu'un qui n'a pas encore validé son adresse mail !\n    at exports.validateSubscringRequest (/Users/nadiamekou/Desktop/work/mahol/mahol-back/services/user.services.js:610:13)\n    at process.processTicksAndRejections (node:internal/process/task_queues:95:5)\n    at async exports.validateSubscriber (/Users/nadiamekou/Desktop/work/mahol/mahol-back/controllers/users.controller.js:215:22)",
  "route": "/v1/users/1/validate",
  "method": "PATCH"
}
2024-12-05 09:19:59 [INFO]: Response sent
{
  "url": "/v1/users/1/validate",
  "duration": "60ms",
  "status": 500
}
2024-12-05 10:51:32 [INFO]: Incoming request
{
  "method": "GET",
  "url": "/v1/subscribers?isAccountValidated=false"
}
2024-12-05 10:51:34 [INFO]: Response sent
{
  "url": "/v1/subscribers?isAccountValidated=false",
  "duration": "1509ms",
  "status": 304
}
2024-12-05 14:09:46 [INFO]: Incoming request
{
  "method": "GET",
  "url": "/v1/subscribers?isAccountValidated=false"
}
2024-12-05 14:09:46 [INFO]: Response sent
{
  "url": "/v1/subscribers?isAccountValidated=false",
  "duration": "428ms",
  "status": 304
}
